make all --print-data-base --no-builtin-variables --no-builtin-rules --question
# GNU Make 3.81
# Copyright (C) 2006  Free Software Foundation, Inc.
# This is free software; see the source for copying conditions.
# There is NO warranty; not even for MERCHANTABILITY or FITNESS FOR A
# PARTICULAR PURPOSE.

# This program built for i386-apple-darwin11.3.0
 

# Make data base, printed on Sun Jun 12 12:07:23 2022

# Variables
 

# automatic
<D = $(patsubst %/,%,$(dir $<))
# automatic
?F = $(notdir $?)
# environment
ELECTRON_NO_ATTACH_CONSOLE = 1
# environment
VSCODE_LOG_NATIVE = false
# automatic
?D = $(patsubst %/,%,$(dir $?))
# automatic
@D = $(patsubst %/,%,$(dir $@))
# automatic
@F = $(notdir $@)
# makefile
CURDIR := /Users/mfagri/Desktop/ali
# makefile
SHELL = /bin/sh
# environment
VSCODE_NLS_CONFIG = {"locale":"en-us","availableLanguages":{},"_languagePackSupport":true}
# environment
_ = /usr/bin/make
# makefile (from `Makefile', line 1)
MAKEFILE_LIST :=  Makefile
# environment
VSCODE_VERBOSE_LOGGING = true
# environment
P9K_SSH = 0
# environment
VSCODE_IPC_HOOK_EXTHOST = /var/folders/zz/zyxvpxvq6csfxvn_n000ccsr00336f/T/vscode-ipc-bf7d8a67-6cea-4170-8760-8bbc886da872.sock
# environment
VSCODE_CWD = /Users/mfagri/Desktop/ali
# environment
PATH = /Users/mfagri/.brew/bin:/usr/local/bin:/usr/bin:/bin:/usr/sbin:/sbin:/usr/local/munki:/Users/mfagri/goinfre/devtools/Android/sdk/tools/bin:/Users/mfagri/goinfre/devtools/Android/sdk/emulator:/Users/mfagri/goinfre/devtools/flutter/bin:/Users/mfagri/goinfre/devtools/gradle/bin:/Applications/Visual Studio Code.app/Contents/Resources/app/bin:/Users/mfagri/goinfre/devtools/jdk/Contents/Home/bin
# environment
LSCOLORS = Gxfxcxdxbxegedabagacad
# environment
LaunchInstanceID = 4595F436-652C-46AB-8820-5BA8E76AC54D
# makefile (from `Makefile', line 17)
AR = ar rcs
# environment
VSCODE_LOG_STACK = false
# environment
ELECTRON_RUN_AS_NODE = 1
# makefile (from `Makefile', line 33)
LIB = ./mandatory/minishell.h
# default
.FEATURES := target-specific order-only second-expansion else-if archives jobserver check-symlink
# environment
SSH_AUTH_SOCK = /private/tmp/com.apple.launchd.ELZQfyi4kk/Listeners
# automatic
%F = $(notdir $%)
# environment
HOMEBREW_TEMP = /tmp/mfagri/Homebrew/Temp
# environment
VSCODE_PIPE_LOGGING = true
# environment
PWD = /Users/mfagri/Desktop/ali
# makefile (from `Makefile', line 20)
FILE = minishell.c ft_split.c ft_strncmp.c get_next_line_utils.c get_next_line.c ft_strlen.c ft_strjoin.c utils_1.c ft_strlcpy.c ft_isdigit.c ft_isalnum.c ft_itoa.c handler.c utils_2.c quotations.c get_arg.c vars.c separation.c ft_export.c builtins.c builtins_utils.c ft_export_utils_1.c ft_export_utils_2.c builtins_utils_2.c vars_utils.c get_command.c get_command_utils.c check_pr.c ft_atoi.c ft_strchr.c  rederections.c builtins_utils_3.c rederections_utils_2.c rederections_utils_1.c exec.c builtins_utils_4.c rederections_utils_4.c exec_utils_1.c utils_3.c utils_4.c check_pr_utils_1.c utils_5.c 
# environment
ORIGINAL_XDG_CURRENT_DESKTOP = undefined
# environment
VSCODE_AMD_ENTRYPOINT = vs/workbench/api/node/extensionHostProcess
# environment
HOME = /Users/mfagri
# default
MAKEFILEPATH = $(shell /usr/bin/xcode-select -print-path 2>/dev/null || echo /Developer)/Makefiles
# environment
VSCODE_CLI = 1
# environment
VSCODE_CODE_CACHE_PATH = /Users/mfagri/Library/Application Support/Code/CachedData/57fd6d0195bb9b9d1b49f6da5db789060795de47
# environment
LOGNAME = mfagri
# environment
APPLICATION_INSIGHTS_NO_DIAGNOSTIC_CHANNEL = 1
# environment
ZSH = /Users/mfagri/.oh-my-zsh
# environment
VSCODE_HANDLES_UNCAUGHT_ERRORS = true
# automatic
^D = $(patsubst %/,%,$(dir $^))
# makefile (from `Makefile', line 18)
OBJECT_PATH = ./object_files/
# environment
GRADLE_USER_HOME = /Users/mfagri/goinfre/devtools/gradle
# environment
XPC_FLAGS = 0x0
# environment
COLORTERM = truecolor
# default
MAKE = $(MAKE_COMMAND)
# environment
LC_TERMINAL = iTerm2
# environment
HOMEBREW_CACHE = /tmp/mfagri/Homebrew/Caches
# environment
SHLVL = 3
# makefile (from `Makefile', line 14)
CC = cc 
# environment
DEV_TOOLS = /Users/mfagri/goinfre/devtools
# environment
JAVA_HOME = /Users/mfagri/goinfre/devtools/jdk/Contents/Home
# default
MAKE_VERSION := 3.81
# environment
USER = mfagri
# makefile
.DEFAULT_GOAL := all
# default
MAKECMDGOALS := all
# environment
TERM_SESSION_ID = w0t0p0:5A3165BE-0256-4CB6-86B1-27E6E2E1CD83
# makefile (from `Makefile', line 13)
NAME = minishell
# environment
LESS = -R
# automatic
%D = $(patsubst %/,%,$(dir $%))
# makefile (from `Makefile', line 16)
LFLAGS = -I/Users/$(USER)/.brew/opt/readline/include
# default
MAKE_COMMAND := /Library/Developer/CommandLineTools/usr/bin/make
# environment
TERM_PROGRAM = iTerm.app
# default
.VARIABLES := 
# environment
TMPDIR = /var/folders/zz/zyxvpxvq6csfxvn_n000ccsr00336f/T/
# automatic
*F = $(notdir $*)
# environment
VSCODE_IPC_HOOK = /Users/mfagri/Library/Application Support/Code/1.67.0-main.sock
# makefile
MAKEFLAGS = Rrqp
# environment
MFLAGS = -Rrqp
# automatic
*D = $(patsubst %/,%,$(dir $*))
# environment
TERM_PROGRAM_VERSION = 3.4.13
# environment
XPC_SERVICE_NAME = 0
# environment
LC_TERMINAL_VERSION = 3.4.13
# automatic
+D = $(patsubst %/,%,$(dir $+))
# automatic
+F = $(notdir $+)
# environment
ITERM_SESSION_ID = w0t0p0:5A3165BE-0256-4CB6-86B1-27E6E2E1CD83
# environment
COLORFGBG = 7;0
# environment
__CF_USER_TEXT_ENCODING = 0x18CCE:0x0:0x0
# environment
COMMAND_MODE = unix2003
# default
MAKEFILES := 
# automatic
<F = $(notdir $<)
# environment
ITERM_PROFILE = Default
# environment
APPS = /Users/mfagri/goinfre/apps
# environment
PAGER = less
# environment
ANDROID_SDK_ROOT = /Users/mfagri/goinfre/devtools/Android/sdk
# environment
LC_ALL = C
# environment
SECURITYSESSIONID = 186a8
# environment
P9K_TTY = old
# automatic
^F = $(notdir $^)
# environment
GRADLE_OPTS = -Dgradle.user.home=/Users/mfagri/goinfre/devtools/gradle
# default
SUFFIXES := 
# environment
JAVA_17_HOME = /Users/mfagri/goinfre/devtools/jdk/Contents/Home
# makefile (from `Makefile', line 15)
FLAGS = -Wall -Wextra -Werror 
# default
.INCLUDE_DIRS = /usr/local/include
# environment
MAKELEVEL := 0
# makefile (from `Makefile', line 35)
OBJECTS = $(addprefix $(OBJECT_PATH), $(FILE:.c=.o))
# environment
LANG = C
# environment
TERM = xterm-256color
# environment
_P9K_TTY = /dev/ttys000
# environment
VSCODE_PID = 68060
# variable set hash-table stats:
# Load=100/1024=10%, Rehash=0, Collisions=5/131=4%

# Pattern-specific Variable Values

# No pattern-specific variable values.

# Directories

# . (device 16777225, inode 2353371): 9 files, no impossibilities.
# ./mandatory/utils (device 16777225, inode 2353446): 61 files, no impossibilities so far.
# mandatory (device 16777225, inode 2353442): 6 files, no impossibilities.
# mandatory/utils (device 16777225, inode 2353446): 61 files, no impossibilities so far.
# ./mandatory (device 16777225, inode 2353442): 6 files, no impossibilities.

# 143 files, no impossibilities in 5 directories.

# Implicit Rules

object_files/%.o: ./mandatory/%.c
#  commands to execute (from `Makefile', line 42):
	$(CC) $(LFLAGS) $(LFLAGS) -o $@  -c $^
	

object_files/%.o: ./mandatory/utils/%.c
#  commands to execute (from `Makefile', line 45):
	$(CC) $(LFLAGS) $(FLAGS) -o $@  -c $^
	

# 2 implicit rules, 0 (0.0%) terminal.

# Files

object_files/rederections_utils_4.o: mandatory/utils/rederections_utils_4.c
#  Implicit rule search has been done.
#  Implicit/static pattern stem: `rederections_utils_4'
#  Last modified 2022-06-12 12:06:32
#  File has been updated.
#  Successfully updated.
# variable set hash-table stats:
# Load=0/32=0%, Rehash=0, Collisions=0/0=0%
#  commands to execute (from `Makefile', line 45):
	$(CC) $(LFLAGS) $(FLAGS) -o $@  -c $^
	

object_files/ft_atoi.o: mandatory/utils/ft_atoi.c
#  Implicit rule search has been done.
#  Implicit/static pattern stem: `ft_atoi'
#  Last modified 2022-06-12 12:06:32
#  File has been updated.
#  Successfully updated.
# variable set hash-table stats:
# Load=0/32=0%, Rehash=0, Collisions=0/0=0%
#  commands to execute (from `Makefile', line 45):
	$(CC) $(LFLAGS) $(FLAGS) -o $@  -c $^
	

# Not a target:
mandatory/utils/separation.c:
#  Implicit rule search has been done.
#  Last modified 2022-06-12 12:05:39
#  File has been updated.
#  Successfully updated.
# variable set hash-table stats:
# Load=0/32=0%, Rehash=0, Collisions=0/0=0%

# Not a target:
mandatory/utils/builtins_utils_4.c:
#  Implicit rule search has been done.
#  Last modified 2022-06-12 12:05:39
#  File has been updated.
#  Successfully updated.
# variable set hash-table stats:
 
# Load=0/32=0%, Rehash=0, Collisions=0/0=0%

# Not a target:
mandatory/utils/rederections_utils_1.c:
#  Implicit rule search has been done.
#  Last modified 2022-06-12 12:05:39
#  File has been updated.
#  Successfully updated.
# variable set hash-table stats:
# Load=0/32=0%, Rehash=0, Collisions=0/0=0%

all: object_files minishell
#  Command-line target.
#  Implicit rule search has been done.
#  File does not exist.
#  File has been updated.
#  Successfully updated.
# variable set hash-table stats:
# Load=0/32=0%, Rehash=0, Collisions=0/0=0%

# Not a target:
mandatory/utils/vars.c:
#  Implicit rule search has been done.
#  Last modified 2022-06-12 12:05:39
#  File has been updated.
#  Successfully updated.
# variable set hash-table stats:
# Load=0/32=0%, Rehash=0, Collisions=0/0=0%

# Not a target:
mandatory/utils/handler.c:
#  Implicit rule search has been done.
#  Last modified 2022-06-12 12:05:39
#  File has been updated.
#  Successfully updated.
# variable set hash-table stats:
# Load=0/32=0%, Rehash=0, Collisions=0/0=0%

# Not a target:
mandatory/utils/ft_strlcpy.c:
#  Implicit rule search has been done.
#  Last modified 2022-06-12 12:05:39
#  File has been updated.
#  Successfully updated.
# variable set hash-table stats:
# Load=0/32=0%, Rehash=0, Collisions=0/0=0%

# Not a target:
mandatory/utils/get_arg.c:
#  Implicit rule search has been done.
#  Last modified 2022-06-12 12:05:39
#  File has been updated.
#  Successfully updated.
# variable set hash-table stats:
# Load=0/32=0%, Rehash=0, Collisions=0/0=0%

# Not a target:
mandatory/utils/ft_strncmp.c:
#  Implicit rule search has been done.
#  Last modified 2022-06-12 12:05:39
#  File has been updated.
#  Successfully updated.
# variable set hash-table stats:
# Load=0/32=0%, Rehash=0, Collisions=0/0=0%

object_files/utils_3.o: mandatory/utils/utils_3.c
#  Implicit rule search has been done.
#  Implicit/static pattern stem: `utils_3'
#  Last modified 2022-06-12 12:06:33
#  File has been updated.
#  Successfully updated.
# variable set hash-table stats:
# Load=0/32=0%, Rehash=0, Collisions=0/0=0%
#  commands to execute (from `Makefile', line 45):
	$(CC) $(LFLAGS) $(FLAGS) -o $@  -c $^
	

object_files/ft_itoa.o: mandatory/utils/ft_itoa.c
#  Implicit rule search has been done.
#  Implicit/static pattern stem: `ft_itoa'
#  Last modified 2022-06-12 12:06:31
#  File has been updated.
#  Successfully updated.
# variable set hash-table stats:
# Load=0/32=0%, Rehash=0, Collisions=0/0=0%
#  commands to execute (from `Makefile', line 45):
	$(CC) $(LFLAGS) $(FLAGS) -o $@  -c $^
	

# Not a target:
mandatory/utils/utils_2.c:
#  Implicit rule search has been done.
#  Last modified 2022-06-12 12:05:39
#  File has been updated.
#  Successfully updated.
# variable set hash-table stats:
# Load=0/32=0%, Rehash=0, Collisions=0/0=0%

# Not a target:
mandatory/utils/check_pr_utils_1.c:
#  Implicit rule search has been done.
#  Last modified 2022-06-12 12:05:39
#  File has been updated.
#  Successfully updated.
# variable set hash-table stats:
# Load=0/32=0%, Rehash=0, Collisions=0/0=0%

# Not a target:
mandatory/utils/ft_isalnum.c:
#  Implicit rule search has been done.
#  Last modified 2022-06-12 12:05:39
#  File has been updated.
#  Successfully updated.
# variable set hash-table stats:
# Load=0/32=0%, Rehash=0, Collisions=0/0=0%

object_files/ft_strlen.o: mandatory/utils/ft_strlen.c
#  Implicit rule search has been done.
#  Implicit/static pattern stem: `ft_strlen'
#  Last modified 2022-06-12 12:06:31
#  File has been updated.
#  Successfully updated.
# variable set hash-table stats:
# Load=0/32=0%, Rehash=0, Collisions=0/0=0%
#  commands to execute (from `Makefile', line 45):
	$(CC) $(LFLAGS) $(FLAGS) -o $@  -c $^
	

object_files/ft_export_utils_1.o: mandatory/utils/ft_export_utils_1.c
#  Implicit rule search has been done.
#  Implicit/static pattern stem: `ft_export_utils_1'
#  Last modified 2022-06-12 12:06:32
#  File has been updated.
#  Successfully updated.
# variable set hash-table stats:
# Load=0/32=0%, Rehash=0, Collisions=0/0=0%
#  commands to execute (from `Makefile', line 45):
	$(CC) $(LFLAGS) $(FLAGS) -o $@  -c $^
	

object_files/ft_isdigit.o: mandatory/utils/ft_isdigit.c
#  Implicit rule search has been done.
#  Implicit/static pattern stem: `ft_isdigit'
#  Last modified 2022-06-12 12:06:31
#  File has been updated.
#  Successfully updated.
# variable set hash-table stats:
# Load=0/32=0%, Rehash=0, Collisions=0/0=0%
#  commands to execute (from `Makefile', line 45):
	$(CC) $(LFLAGS) $(FLAGS) -o $@  -c $^
	

object_files/builtins_utils.o: mandatory/utils/builtins_utils.c
#  Implicit rule search has been done.
#  Implicit/static pattern stem: `builtins_utils'
#  Last modified 2022-06-12 12:06:32
#  File has been updated.
#  Successfully updated.
# variable set hash-table stats:
# Load=0/32=0%, Rehash=0, Collisions=0/0=0%
#  commands to execute (from `Makefile', line 45):
	$(CC) $(LFLAGS) $(FLAGS) -o $@  -c $^
	

# Not a target:
mandatory/utils/ft_strchr.c:
#  Implicit rule search has been done.
#  Last modified 2022-06-12 12:05:39
#  File has been updated.
#  Successfully updated.
# variable set hash-table stats:
# Load=0/32=0%, Rehash=0, Collisions=0/0=0%

object_files/quotations.o: mandatory/utils/quotations.c
#  Implicit rule search has been done.
#  Implicit/static pattern stem: `quotations'
#  Last modified 2022-06-12 12:06:31
#  File has been updated.
#  Successfully updated.
# variable set hash-table stats:
# Load=0/32=0%, Rehash=0, Collisions=0/0=0%
#  commands to execute (from `Makefile', line 45):
	$(CC) $(LFLAGS) $(FLAGS) -o $@  -c $^
	

# Not a target:
mandatory/utils/get_command.c:
#  Implicit rule search has been done.
#  Last modified 2022-06-12 12:05:39
#  File has been updated.
#  Successfully updated.
# variable set hash-table stats:
# Load=0/32=0%, Rehash=0, Collisions=0/0=0%

# Not a target:
.SUFFIXES:
#  Implicit rule search has not been done.
#  Modification time never checked.
#  File has not been updated.

# Not a target:
mandatory/utils/rederections.c:
#  Implicit rule search has been done.
#  Last modified 2022-06-12 12:05:39
#  File has been updated.
#  Successfully updated.
# variable set hash-table stats:
# Load=0/32=0%, Rehash=0, Collisions=0/0=0%

object_files/get_command_utils.o: mandatory/utils/get_command_utils.c
#  Implicit rule search has been done.
#  Implicit/static pattern stem: `get_command_utils'
#  Last modified 2022-06-12 12:06:32
#  File has been updated.
#  Successfully updated.
# variable set hash-table stats:
# Load=0/32=0%, Rehash=0, Collisions=0/0=0%
#  commands to execute (from `Makefile', line 45):
	$(CC) $(LFLAGS) $(FLAGS) -o $@  -c $^
	

# Not a target:
Makefile:
#  Implicit rule search has been done.
#  Last modified 2022-06-12 12:06:47
#  File has been updated.
#  Successfully updated.
# variable set hash-table stats:
# Load=0/32=0%, Rehash=0, Collisions=0/0=0%

# Not a target:
mandatory/utils/rederections_utils_2.c:
#  Implicit rule search has been done.
#  Last modified 2022-06-12 12:05:39
#  File has been updated.
#  Successfully updated.
# variable set hash-table stats:
# Load=0/32=0%, Rehash=0, Collisions=0/0=0%

object_files:
#  Implicit rule search has not been done.
#  Last modified 2022-06-12 12:06:33
#  File has been updated.
#  Successfully updated.
#  commands to execute (from `Makefile', line 48):
	@mkdir object_files 
	

# Not a target:
mandatory/utils/utils_4.c:
#  Implicit rule search has been done.
#  Last modified 2022-06-12 12:05:39
#  File has been updated.
#  Successfully updated.
# variable set hash-table stats:
# Load=0/32=0%, Rehash=0, Collisions=0/0=0%

object_files/ft_strjoin.o: mandatory/utils/ft_strjoin.c
#  Implicit rule search has been done.
#  Implicit/static pattern stem: `ft_strjoin'
#  Last modified 2022-06-12 12:06:31
#  File has been updated.
#  Successfully updated.
# variable set hash-table stats:
# Load=0/32=0%, Rehash=0, Collisions=0/0=0%
#  commands to execute (from `Makefile', line 45):
	$(CC) $(LFLAGS) $(FLAGS) -o $@  -c $^
	

object_files/ft_split.o: mandatory/utils/ft_split.c
#  Implicit rule search has been done.
#  Implicit/static pattern stem: `ft_split'
 
#  Last modified 2022-06-12 12:06:31
#  File has been updated.
#  Successfully updated.
# variable set hash-table stats:
# Load=0/32=0%, Rehash=0, Collisions=0/0=0%
#  commands to execute (from `Makefile', line 45):
	$(CC) $(LFLAGS) $(FLAGS) -o $@  -c $^
	

# Not a target:
mandatory/utils/get_next_line.c:
#  Implicit rule search has been done.
#  Last modified 2022-06-12 12:05:39
#  File has been updated.
#  Successfully updated.
# variable set hash-table stats:
# Load=0/32=0%, Rehash=0, Collisions=0/0=0%

# Not a target:
mandatory/utils/builtins_utils_3.c:
#  Implicit rule search has been done.
#  Last modified 2022-06-12 12:05:39
#  File has been updated.
#  Successfully updated.
# variable set hash-table stats:
# Load=0/32=0%, Rehash=0, Collisions=0/0=0%

# Not a target:
mandatory/utils/check_pr.c:
#  Implicit rule search has been done.
#  Last modified 2022-06-12 12:05:39
#  File has been updated.
#  Successfully updated.
# variable set hash-table stats:
# Load=0/32=0%, Rehash=0, Collisions=0/0=0%

object_files/vars_utils.o: mandatory/utils/vars_utils.c
#  Implicit rule search has been done.
#  Implicit/static pattern stem: `vars_utils'
#  Last modified 2022-06-12 12:06:32
#  File has been updated.
#  Successfully updated.
# variable set hash-table stats:
# Load=0/32=0%, Rehash=0, Collisions=0/0=0%
#  commands to execute (from `Makefile', line 45):
	$(CC) $(LFLAGS) $(FLAGS) -o $@  -c $^
	

object_files/ft_export.o: mandatory/utils/ft_export.c
#  Implicit rule search has been done.
#  Implicit/static pattern stem: `ft_export'
#  Last modified 2022-06-12 12:06:31
#  File has been updated.
#  Successfully updated.
# variable set hash-table stats:
# Load=0/32=0%, Rehash=0, Collisions=0/0=0%
#  commands to execute (from `Makefile', line 45):
	$(CC) $(LFLAGS) $(FLAGS) -o $@  -c $^
	

object_files/exec_utils_1.o: mandatory/utils/exec_utils_1.c
#  Implicit rule search has been done.
#  Implicit/static pattern stem: `exec_utils_1'
#  Last modified 2022-06-12 12:06:32
#  File has been updated.
#  Successfully updated.
# variable set hash-table stats:
# Load=0/32=0%, Rehash=0, Collisions=0/0=0%
#  commands to execute (from `Makefile', line 45):
	$(CC) $(LFLAGS) $(FLAGS) -o $@  -c $^
	

object_files/ft_export_utils_2.o: mandatory/utils/ft_export_utils_2.c
#  Implicit rule search has been done.
#  Implicit/static pattern stem: `ft_export_utils_2'
#  Last modified 2022-06-12 12:06:32
#  File has been updated.
#  Successfully updated.
# variable set hash-table stats:
# Load=0/32=0%, Rehash=0, Collisions=0/0=0%
#  commands to execute (from `Makefile', line 45):
	$(CC) $(LFLAGS) $(FLAGS) -o $@  -c $^
	

# Not a target:
mandatory/utils/rederections_utils_4.c:
#  Implicit rule search has been done.
#  Last modified 2022-06-12 12:05:39
#  File has been updated.
#  Successfully updated.
# variable set hash-table stats:
# Load=0/32=0%, Rehash=0, Collisions=0/0=0%

object_files/utils_5.o: mandatory/utils/utils_5.c
#  Implicit rule search has been done.
#  Implicit/static pattern stem: `utils_5'
#  Last modified 2022-06-12 12:06:33
#  File has been updated.
#  Successfully updated.
# variable set hash-table stats:
# Load=0/32=0%, Rehash=0, Collisions=0/0=0%
#  commands to execute (from `Makefile', line 45):
	$(CC) $(LFLAGS) $(FLAGS) -o $@  -c $^
	

# Not a target:
mandatory/utils/ft_atoi.c:
#  Implicit rule search has been done.
#  Last modified 2022-06-12 12:05:39
#  File has been updated.
#  Successfully updated.
# variable set hash-table stats:
# Load=0/32=0%, Rehash=0, Collisions=0/0=0%

minishell: object_files/minishell.o object_files/ft_split.o object_files/ft_strncmp.o object_files/get_next_line_utils.o object_files/get_next_line.o object_files/ft_strlen.o object_files/ft_strjoin.o object_files/utils_1.o object_files/ft_strlcpy.o object_files/ft_isdigit.o object_files/ft_isalnum.o object_files/ft_itoa.o object_files/handler.o object_files/utils_2.o object_files/quotations.o object_files/get_arg.o object_files/vars.o object_files/separation.o object_files/ft_export.o object_files/builtins.o object_files/builtins_utils.o object_files/ft_export_utils_1.o object_files/ft_export_utils_2.o object_files/builtins_utils_2.o object_files/vars_utils.o object_files/get_command.o object_files/get_command_utils.o object_files/check_pr.o object_files/ft_atoi.o object_files/ft_strchr.o object_files/rederections.o object_files/builtins_utils_3.o object_files/rederections_utils_2.o object_files/rederections_utils_1.o object_files/exec.o object_files/builtins_utils_4.o object_files/rederections_utils_4.o object_files/exec_utils_1.o object_files/utils_3.o object_files/utils_4.o object_files/check_pr_utils_1.o object_files/utils_5.o
#  Implicit rule search has not been done.
#  Last modified 2022-06-12 12:06:33
#  File has been updated.
#  Successfully updated.
# variable set hash-table stats:
# Load=0/32=0%, Rehash=0, Collisions=0/0=0%
#  commands to execute (from `Makefile', line 39):
	$(CC) $(OBJECTS) $(FLAGS) $(LFLAGS) -o $@  -lreadline -L/Users/$(USER)/.brew/opt/readline/lib
	

fclean: clean
#  Implicit rule search has not been done.
#  Modification time never checked.
#  File has not been updated.
#  commands to execute (from `Makefile', line 54):
	rm -f $(NAME) $(NAME_BONUS)
	

object_files/exec.o: mandatory/utils/exec.c
#  Implicit rule search has been done.
#  Implicit/static pattern stem: `exec'
#  Last modified 2022-06-12 12:06:32
#  File has been updated.
#  Successfully updated.
# variable set hash-table stats:
# Load=0/32=0%, Rehash=0, Collisions=0/0=0%
#  commands to execute (from `Makefile', line 45):
	$(CC) $(LFLAGS) $(FLAGS) -o $@  -c $^
	

# Not a target:
mandatory/utils/utils_3.c:
#  Implicit rule search has been done.
#  Last modified 2022-06-12 12:05:39
#  File has been updated.
#  Successfully updated.
# variable set hash-table stats:
# Load=0/32=0%, Rehash=0, Collisions=0/0=0%

# Not a target:
mandatory/utils/ft_itoa.c:
#  Implicit rule search has been done.
#  Last modified 2022-06-12 12:05:39
#  File has been updated.
#  Successfully updated.
# variable set hash-table stats:
# Load=0/32=0%, Rehash=0, Collisions=0/0=0%

# Not a target:
mandatory/utils/ft_strlen.c:
#  Implicit rule search has been done.
#  Last modified 2022-06-12 12:05:39
#  File has been updated.
#  Successfully updated.
# variable set hash-table stats:
# Load=0/32=0%, Rehash=0, Collisions=0/0=0%

# Not a target:
mandatory/utils/ft_export_utils_1.c:
#  Implicit rule search has been done.
#  Last modified 2022-06-12 12:05:39
#  File has been updated.
#  Successfully updated.
# variable set hash-table stats:
# Load=0/32=0%, Rehash=0, Collisions=0/0=0%

object_files/builtins.o: mandatory/utils/builtins.c
#  Implicit rule search has been done.
#  Implicit/static pattern stem: `builtins'
#  Last modified 2022-06-12 12:06:32
#  File has been updated.
#  Successfully updated.
# variable set hash-table stats:
# Load=0/32=0%, Rehash=0, Collisions=0/0=0%
#  commands to execute (from `Makefile', line 45):
	$(CC) $(LFLAGS) $(FLAGS) -o $@  -c $^
	

# Not a target:
mandatory/utils/ft_isdigit.c:
#  Implicit rule search has been done.
#  Last modified 2022-06-12 12:05:39
#  File has been updated.
#  Successfully updated.
# variable set hash-table stats:
# Load=0/32=0%, Rehash=0, Collisions=0/0=0%

# Not a target:
.DEFAULT:
#  Implicit rule search has not been done.
#  Modification time never checked.
#  File has not been updated.

object_files/builtins_utils_2.o: mandatory/utils/builtins_utils_2.c
#  Implicit rule search has been done.
#  Implicit/static pattern stem: `builtins_utils_2'
#  Last modified 2022-06-12 12:06:32
#  File has been updated.
#  Successfully updated.
# variable set hash-table stats:
# Load=0/32=0%, Rehash=0, Collisions=0/0=0%
#  commands to execute (from `Makefile', line 45):
	$(CC) $(LFLAGS) $(FLAGS) -o $@  -c $^
	

object_files/get_next_line_utils.o: mandatory/utils/get_next_line_utils.c
#  Implicit rule search has been done.
#  Implicit/static pattern stem: `get_next_line_utils'
#  Last modified 2022-06-12 12:06:31
#  File has been updated.
#  Successfully updated.
# variable set hash-table stats:
# Load=0/32=0%, Rehash=0, Collisions=0/0=0%
 
#  commands to execute (from `Makefile', line 45):
	$(CC) $(LFLAGS) $(FLAGS) -o $@  -c $^
	

# Not a target:
mandatory/utils/builtins_utils.c:
#  Implicit rule search has been done.
#  Last modified 2022-06-12 12:05:39
#  File has been updated.
#  Successfully updated.
# variable set hash-table stats:
# Load=0/32=0%, Rehash=0, Collisions=0/0=0%

object_files/minishell.o: mandatory/minishell.c
#  Implicit rule search has been done.
#  Implicit/static pattern stem: `minishell'
#  Last modified 2022-06-12 12:06:31
#  File has been updated.
#  Successfully updated.
# variable set hash-table stats:
# Load=0/32=0%, Rehash=0, Collisions=0/0=0%
#  commands to execute (from `Makefile', line 42):
	$(CC) $(LFLAGS) $(LFLAGS) -o $@  -c $^
	

object_files/utils_1.o: mandatory/utils/utils_1.c
#  Implicit rule search has been done.
#  Implicit/static pattern stem: `utils_1'
#  Last modified 2022-06-12 12:06:31
#  File has been updated.
#  Successfully updated.
# variable set hash-table stats:
# Load=0/32=0%, Rehash=0, Collisions=0/0=0%
#  commands to execute (from `Makefile', line 45):
	$(CC) $(LFLAGS) $(FLAGS) -o $@  -c $^
	

# Not a target:
mandatory/utils/quotations.c:
#  Implicit rule search has been done.
#  Last modified 2022-06-12 12:05:39
#  File has been updated.
#  Successfully updated.
# variable set hash-table stats:
# Load=0/32=0%, Rehash=0, Collisions=0/0=0%

object_files/get_command.o: mandatory/utils/get_command.c
#  Implicit rule search has been done.
#  Implicit/static pattern stem: `get_command'
#  Last modified 2022-06-12 12:06:32
#  File has been updated.
#  Successfully updated.
# variable set hash-table stats:
# Load=0/32=0%, Rehash=0, Collisions=0/0=0%
#  commands to execute (from `Makefile', line 45):
	$(CC) $(LFLAGS) $(FLAGS) -o $@  -c $^
	

# Not a target:
mandatory/utils/get_command_utils.c:
#  Implicit rule search has been done.
#  Last modified 2022-06-12 12:05:39
#  File has been updated.
#  Successfully updated.
# variable set hash-table stats:
# Load=0/32=0%, Rehash=0, Collisions=0/0=0%

re: fclean all
#  Implicit rule search has not been done.
#  Modification time never checked.
#  File has not been updated.

clean:
#  Implicit rule search has not been done.
#  Modification time never checked.
#  File has not been updated.
#  commands to execute (from `Makefile', line 51):
	rm -f $(OBJECTS) $(FILE1_BONUS)
	

object_files/separation.o: mandatory/utils/separation.c
#  Implicit rule search has been done.
#  Implicit/static pattern stem: `separation'
#  Last modified 2022-06-12 12:06:31
#  File has been updated.
#  Successfully updated.
# variable set hash-table stats:
# Load=0/32=0%, Rehash=0, Collisions=0/0=0%
#  commands to execute (from `Makefile', line 45):
	$(CC) $(LFLAGS) $(FLAGS) -o $@  -c $^
	

# Not a target:
mandatory/utils/ft_strjoin.c:
#  Implicit rule search has been done.
#  Last modified 2022-06-12 12:05:39
#  File has been updated.
#  Successfully updated.
# variable set hash-table stats:
# Load=0/32=0%, Rehash=0, Collisions=0/0=0%

# Not a target:
mandatory/utils/ft_split.c:
#  Implicit rule search has been done.
#  Last modified 2022-06-12 12:05:39
#  File has been updated.
#  Successfully updated.
# variable set hash-table stats:
# Load=0/32=0%, Rehash=0, Collisions=0/0=0%

object_files/builtins_utils_4.o: mandatory/utils/builtins_utils_4.c
#  Implicit rule search has been done.
#  Implicit/static pattern stem: `builtins_utils_4'
#  Last modified 2022-06-12 12:06:32
#  File has been updated.
#  Successfully updated.
# variable set hash-table stats:
# Load=0/32=0%, Rehash=0, Collisions=0/0=0%
#  commands to execute (from `Makefile', line 45):
	$(CC) $(LFLAGS) $(FLAGS) -o $@  -c $^
	

object_files/rederections_utils_1.o: mandatory/utils/rederections_utils_1.c
#  Implicit rule search has been done.
#  Implicit/static pattern stem: `rederections_utils_1'
#  Last modified 2022-06-12 12:06:32
#  File has been updated.
#  Successfully updated.
# variable set hash-table stats:
# Load=0/32=0%, Rehash=0, Collisions=0/0=0%
#  commands to execute (from `Makefile', line 45):
	$(CC) $(LFLAGS) $(FLAGS) -o $@  -c $^
	

object_files/vars.o: mandatory/utils/vars.c
#  Implicit rule search has been done.
#  Implicit/static pattern stem: `vars'
#  Last modified 2022-06-12 12:06:31
#  File has been updated.
#  Successfully updated.
# variable set hash-table stats:
# Load=0/32=0%, Rehash=0, Collisions=0/0=0%
#  commands to execute (from `Makefile', line 45):
	$(CC) $(LFLAGS) $(FLAGS) -o $@  -c $^
	

object_files/handler.o: mandatory/utils/handler.c
#  Implicit rule search has been done.
#  Implicit/static pattern stem: `handler'
#  Last modified 2022-06-12 12:06:31
#  File has been updated.
#  Successfully updated.
# variable set hash-table stats:
# Load=0/32=0%, Rehash=0, Collisions=0/0=0%
#  commands to execute (from `Makefile', line 45):
	$(CC) $(LFLAGS) $(FLAGS) -o $@  -c $^
	

# Not a target:
mandatory/utils/vars_utils.c:
#  Implicit rule search has been done.
#  Last modified 2022-06-12 12:05:39
#  File has been updated.
#  Successfully updated.
# variable set hash-table stats:
# Load=0/32=0%, Rehash=0, Collisions=0/0=0%

# Not a target:
mandatory/utils/ft_export.c:
#  Implicit rule search has been done.
#  Last modified 2022-06-12 12:05:39
#  File has been updated.
#  Successfully updated.
# variable set hash-table stats:
# Load=0/32=0%, Rehash=0, Collisions=0/0=0%

object_files/ft_strlcpy.o: mandatory/utils/ft_strlcpy.c
#  Implicit rule search has been done.
#  Implicit/static pattern stem: `ft_strlcpy'
#  Last modified 2022-06-12 12:06:31
#  File has been updated.
#  Successfully updated.
# variable set hash-table stats:
# Load=0/32=0%, Rehash=0, Collisions=0/0=0%
#  commands to execute (from `Makefile', line 45):
	$(CC) $(LFLAGS) $(FLAGS) -o $@  -c $^
	

# Not a target:
mandatory/utils/exec_utils_1.c:
#  Implicit rule search has been done.
#  Last modified 2022-06-12 12:05:39
#  File has been updated.
#  Successfully updated.
# variable set hash-table stats:
# Load=0/32=0%, Rehash=0, Collisions=0/0=0%

# Not a target:
mandatory/utils/ft_export_utils_2.c:
#  Implicit rule search has been done.
#  Last modified 2022-06-12 12:05:39
#  File has been updated.
#  Successfully updated.
# variable set hash-table stats:
# Load=0/32=0%, Rehash=0, Collisions=0/0=0%

object_files/get_arg.o: mandatory/utils/get_arg.c
#  Implicit rule search has been done.
#  Implicit/static pattern stem: `get_arg'
#  Last modified 2022-06-12 12:06:31
#  File has been updated.
#  Successfully updated.
# variable set hash-table stats:
# Load=0/32=0%, Rehash=0, Collisions=0/0=0%
#  commands to execute (from `Makefile', line 45):
	$(CC) $(LFLAGS) $(FLAGS) -o $@  -c $^
	

object_files/ft_strncmp.o: mandatory/utils/ft_strncmp.c
#  Implicit rule search has been done.
#  Implicit/static pattern stem: `ft_strncmp'
#  Last modified 2022-06-12 12:06:31
#  File has been updated.
#  Successfully updated.
# variable set hash-table stats:
# Load=0/32=0%, Rehash=0, Collisions=0/0=0%
#  commands to execute (from `Makefile', line 45):
	$(CC) $(LFLAGS) $(FLAGS) -o $@  -c $^
	

# Not a target:
mandatory/utils/utils_5.c:
#  Implicit rule search has been done.
#  Last modified 2022-06-12 12:05:39
#  File has been updated.
#  Successfully updated.
# variable set hash-table stats:
# Load=0/32=0%, Rehash=0, Collisions=0/0=0%

object_files/utils_2.o: mandatory/utils/utils_2.c
#  Implicit rule search has been done.
#  Implicit/static pattern stem: `utils_2'
#  Last modified 2022-06-12 12:06:31
#  File has been updated.
#  Successfully updated.
# variable set hash-table stats:
# Load=0/32=0%, Rehash=0, Collisions=0/0=0%
#  commands to execute (from `Makefile', line 45):
	$(CC) $(LFLAGS) $(FLAGS) -o $@  -c $^
	

object_files/check_pr_utils_1.o: mandatory/utils/check_pr_utils_1.c
#  Implicit rule search has been done.
#  Implicit/static pattern stem: `check_pr_utils_1'
#  Last modified 2022-06-12 12:06:33
#  File has been updated.
#  Successfully updated.
# variable set hash-table stats:
# Load=0/32=0%, Rehash=0, Collisions=0/0=0%
#  commands to execute (from `Makefile', line 45):
	$(CC) $(LFLAGS) $(FLAGS) -o $@  -c $^
	

 
object_files/ft_isalnum.o: mandatory/utils/ft_isalnum.c
#  Implicit rule search has been done.
#  Implicit/static pattern stem: `ft_isalnum'
#  Last modified 2022-06-12 12:06:31
#  File has been updated.
#  Successfully updated.
# variable set hash-table stats:
# Load=0/32=0%, Rehash=0, Collisions=0/0=0%
#  commands to execute (from `Makefile', line 45):
	$(CC) $(LFLAGS) $(FLAGS) -o $@  -c $^
	

# Not a target:
mandatory/minishell.c:
#  Implicit rule search has been done.
#  Last modified 2022-06-12 12:05:39
#  File has been updated.
#  Successfully updated.
# variable set hash-table stats:
# Load=0/32=0%, Rehash=0, Collisions=0/0=0%

object_files/ft_strchr.o: mandatory/utils/ft_strchr.c
#  Implicit rule search has been done.
#  Implicit/static pattern stem: `ft_strchr'
#  Last modified 2022-06-12 12:06:32
#  File has been updated.
#  Successfully updated.
# variable set hash-table stats:
# Load=0/32=0%, Rehash=0, Collisions=0/0=0%
#  commands to execute (from `Makefile', line 45):
	$(CC) $(LFLAGS) $(FLAGS) -o $@  -c $^
	

object_files/rederections.o: mandatory/utils/rederections.c
#  Implicit rule search has been done.
#  Implicit/static pattern stem: `rederections'
#  Last modified 2022-06-12 12:06:32
#  File has been updated.
#  Successfully updated.
# variable set hash-table stats:
# Load=0/32=0%, Rehash=0, Collisions=0/0=0%
#  commands to execute (from `Makefile', line 45):
	$(CC) $(LFLAGS) $(FLAGS) -o $@  -c $^
	

object_files/rederections_utils_2.o: mandatory/utils/rederections_utils_2.c
#  Implicit rule search has been done.
#  Implicit/static pattern stem: `rederections_utils_2'
#  Last modified 2022-06-12 12:06:32
#  File has been updated.
#  Successfully updated.
# variable set hash-table stats:
# Load=0/32=0%, Rehash=0, Collisions=0/0=0%
#  commands to execute (from `Makefile', line 45):
	$(CC) $(LFLAGS) $(FLAGS) -o $@  -c $^
	

object_files/utils_4.o: mandatory/utils/utils_4.c
#  Implicit rule search has been done.
#  Implicit/static pattern stem: `utils_4'
#  Last modified 2022-06-12 12:06:33
#  File has been updated.
#  Successfully updated.
# variable set hash-table stats:
# Load=0/32=0%, Rehash=0, Collisions=0/0=0%
#  commands to execute (from `Makefile', line 45):
	$(CC) $(LFLAGS) $(FLAGS) -o $@  -c $^
	

# Not a target:
mandatory/utils/exec.c:
#  Implicit rule search has been done.
#  Last modified 2022-06-12 12:05:39
#  File has been updated.
#  Successfully updated.
# variable set hash-table stats:
# Load=0/32=0%, Rehash=0, Collisions=0/0=0%

object_files/get_next_line.o: mandatory/utils/get_next_line.c
#  Implicit rule search has been done.
#  Implicit/static pattern stem: `get_next_line'
#  Last modified 2022-06-12 12:06:31
#  File has been updated.
#  Successfully updated.
# variable set hash-table stats:
# Load=0/32=0%, Rehash=0, Collisions=0/0=0%
#  commands to execute (from `Makefile', line 45):
	$(CC) $(LFLAGS) $(FLAGS) -o $@  -c $^
	

# Not a target:
mandatory/utils/builtins.c:
#  Implicit rule search has been done.
#  Last modified 2022-06-12 12:05:39
#  File has been updated.
#  Successfully updated.
# variable set hash-table stats:
# Load=0/32=0%, Rehash=0, Collisions=0/0=0%

object_files/builtins_utils_3.o: mandatory/utils/builtins_utils_3.c
#  Implicit rule search has been done.
#  Implicit/static pattern stem: `builtins_utils_3'
#  Last modified 2022-06-12 12:06:32
#  File has been updated.
#  Successfully updated.
# variable set hash-table stats:
# Load=0/32=0%, Rehash=0, Collisions=0/0=0%
#  commands to execute (from `Makefile', line 45):
	$(CC) $(LFLAGS) $(FLAGS) -o $@  -c $^
	

# Not a target:
mandatory/utils/builtins_utils_2.c:
#  Implicit rule search has been done.
#  Last modified 2022-06-12 12:05:39
#  File has been updated.
#  Successfully updated.
# variable set hash-table stats:
# Load=0/32=0%, Rehash=0, Collisions=0/0=0%

object_files/check_pr.o: mandatory/utils/check_pr.c
#  Implicit rule search has been done.
#  Implicit/static pattern stem: `check_pr'
#  Last modified 2022-06-12 12:06:32
#  File has been updated.
#  Successfully updated.
# variable set hash-table stats:
# Load=0/32=0%, Rehash=0, Collisions=0/0=0%
#  commands to execute (from `Makefile', line 45):
	$(CC) $(LFLAGS) $(FLAGS) -o $@  -c $^
	

# Not a target:
mandatory/utils/get_next_line_utils.c:
#  Implicit rule search has been done.
#  Last modified 2022-06-12 12:05:39
#  File has been updated.
#  Successfully updated.
# variable set hash-table stats:
# Load=0/32=0%, Rehash=0, Collisions=0/0=0%

# Not a target:
mandatory/utils/utils_1.c:
#  Implicit rule search has been done.
#  Last modified 2022-06-12 12:05:39
#  File has been updated.
#  Successfully updated.
# variable set hash-table stats:
# Load=0/32=0%, Rehash=0, Collisions=0/0=0%

# files hash-table stats:
# Load=93/1024=9%, Rehash=0, Collisions=4/320=1%
# VPATH Search Paths

# No `vpath' search paths.

# No general (`VPATH' variable) search path.

# # of strings in strcache: 1
# # of strcache buffers: 1
# strcache size: total = 4096 / max = 4096 / min = 4096 / avg = 4096
# strcache free: total = 4087 / max = 4087 / min = 4087 / avg = 4087

# Finished Make data base on Sun Jun 12 12:07:23 2022

 
